  [1m[36m (8.7ms)[0m  [1mCREATE TABLE "schema_migrations" ("version" varchar NOT NULL) [0m
  [1m[35m (0.1ms)[0m  select sqlite_version(*)
  [1m[36m (6.1ms)[0m  [1mCREATE UNIQUE INDEX "unique_schema_migrations" ON "schema_migrations" ("version")[0m
  [1m[35mActiveRecord::SchemaMigration Load (0.1ms)[0m  SELECT "schema_migrations".* FROM "schema_migrations"
  [1m[36mActiveRecord::SchemaMigration Load (0.1ms)[0m  [1mSELECT "schema_migrations".* FROM "schema_migrations"[0m
Migrating to CreateTasks (20150412154231)
  [1m[35m (0.1ms)[0m  begin transaction
  [1m[36m (0.5ms)[0m  [1mCREATE TABLE "tasks" ("id" INTEGER PRIMARY KEY AUTOINCREMENT NOT NULL, "name" varchar, "status" boolean, "created_at" datetime NOT NULL, "updated_at" datetime NOT NULL) [0m
  [1m[35mSQL (0.3ms)[0m  INSERT INTO "schema_migrations" ("version") VALUES (?)  [["version", "20150412154231"]]
  [1m[36m (9.8ms)[0m  [1mcommit transaction[0m
  [1m[35mActiveRecord::SchemaMigration Load (0.3ms)[0m  SELECT "schema_migrations".* FROM "schema_migrations"


Started GET "/tasks" for 127.0.0.1 at 2015-04-12 23:46:28 +0800
  [1m[36mActiveRecord::SchemaMigration Load (0.4ms)[0m  [1mSELECT "schema_migrations".* FROM "schema_migrations"[0m
Processing by TasksController#index as HTML
  [1m[35mTask Load (0.3ms)[0m  SELECT "tasks".* FROM "tasks"
  Rendered tasks/index.html.erb within layouts/application (9.6ms)
Completed 200 OK in 1498ms (Views: 1459.8ms | ActiveRecord: 0.6ms)


Started GET "/assets/scaffolds-a3e1dca525f6d7438218c53d40da5848.css?body=1" for 127.0.0.1 at 2015-04-12 23:46:30 +0800


Started GET "/assets/jquery-87424c3c19e96d4fb033c10ebe21ec40.js?body=1" for 127.0.0.1 at 2015-04-12 23:46:30 +0800


Started GET "/assets/tasks-fcec5b5a277ac7c20cc9f45a209a3bcd.js?body=1" for 127.0.0.1 at 2015-04-12 23:46:30 +0800


Started GET "/assets/jquery_ujs-e27bd20a10d28155845a22d71ef94f2f.js?body=1" for 127.0.0.1 at 2015-04-12 23:46:30 +0800


Started GET "/assets/application-e4dd8c4d6b6943f2e04aa11095c001dc.css?body=1" for 127.0.0.1 at 2015-04-12 23:46:30 +0800


Started GET "/assets/tasks-64e62ddc273c2f5847f30d698ca14b67.css?body=1" for 127.0.0.1 at 2015-04-12 23:46:30 +0800


Started GET "/tasks/new" for 127.0.0.1 at 2015-04-12 23:46:33 +0800
Processing by TasksController#new as HTML
  Rendered tasks/_form.html.erb (46.0ms)
  Rendered tasks/new.html.erb within layouts/application (57.5ms)
Completed 200 OK in 153ms (Views: 147.4ms | ActiveRecord: 0.3ms)


Started POST "/tasks" for 127.0.0.1 at 2015-04-12 23:46:42 +0800
Processing by TasksController#create as HTML
  Parameters: {"utf8"=>"âœ“", "authenticity_token"=>"8XZXxDTYNHAwVTYq7kF0u77luiweTYV8TKOpF0/gInhaUANnp8COS0V3qWIg/XTjoxfxwtXcuotndKBADJqh1w==", "task"=>{"name"=>"åƒé£¯", "status"=>"0"}, "commit"=>"Create Task"}
  [1m[36m (0.2ms)[0m  [1mbegin transaction[0m
  [1m[35mSQL (0.4ms)[0m  INSERT INTO "tasks" ("name", "status", "created_at", "updated_at") VALUES (?, ?, ?, ?)  [["name", "åƒé£¯"], ["status", "f"], ["created_at", "2015-04-12 15:46:42.976178"], ["updated_at", "2015-04-12 15:46:42.976178"]]
  [1m[36m (18.3ms)[0m  [1mcommit transaction[0m
Redirected to http://localhost:3000/tasks/1
Completed 302 Found in 50ms (ActiveRecord: 19.0ms)


Started GET "/tasks/1" for 127.0.0.1 at 2015-04-12 23:46:43 +0800
Processing by TasksController#show as HTML
  Parameters: {"id"=>"1"}
  [1m[35mTask Load (0.4ms)[0m  SELECT  "tasks".* FROM "tasks" WHERE "tasks"."id" = ? LIMIT 1  [["id", 1]]
  Rendered tasks/show.html.erb within layouts/application (2.4ms)
Completed 200 OK in 157ms (Views: 114.0ms | ActiveRecord: 0.4ms)


Started GET "/tasks" for 127.0.0.1 at 2015-04-12 23:46:53 +0800
Processing by TasksController#index as HTML
  [1m[36mTask Load (0.3ms)[0m  [1mSELECT "tasks".* FROM "tasks"[0m
  Rendered tasks/index.html.erb within layouts/application (2.4ms)
Completed 200 OK in 86ms (Views: 84.8ms | ActiveRecord: 0.3ms)


Started GET "/tasks/1/edit" for 127.0.0.1 at 2015-04-13 22:22:28 +0800
  [1m[36mActiveRecord::SchemaMigration Load (0.2ms)[0m  [1mSELECT "schema_migrations".* FROM "schema_migrations"[0m
Processing by TasksController#edit as HTML
  Parameters: {"id"=>"1"}
  [1m[35mTask Load (0.4ms)[0m  SELECT  "tasks".* FROM "tasks" WHERE "tasks"."id" = ? LIMIT 1  [["id", 1]]
  Rendered tasks/_form.html.erb (53.2ms)
  Rendered tasks/edit.html.erb within layouts/application (61.4ms)
Completed 200 OK in 379ms (Views: 270.1ms | ActiveRecord: 0.9ms)


Started PATCH "/tasks/1" for 127.0.0.1 at 2015-04-13 22:22:33 +0800
Processing by TasksController#update as HTML
  Parameters: {"utf8"=>"âœ“", "authenticity_token"=>"IgahdVAHlztpzUe01rctQJnnnVdZQw7mwVp0bj+4VRyJIPXWwx8tABzv2PwYCy0YhBXWuZLSMRHqjX05fMLWsw==", "task"=>{"name"=>"åƒé£¯", "status"=>"1"}, "commit"=>"Update Task", "id"=>"1"}
  [1m[36mTask Load (0.2ms)[0m  [1mSELECT  "tasks".* FROM "tasks" WHERE "tasks"."id" = ? LIMIT 1[0m  [["id", 1]]
  [1m[35m (2.2ms)[0m  begin transaction
  [1m[36mSQL (11.6ms)[0m  [1mUPDATE "tasks" SET "status" = ?, "updated_at" = ? WHERE "tasks"."id" = ?[0m  [["status", "t"], ["updated_at", "2015-04-13 14:22:33.371314"], ["id", 1]]
  [1m[35m (11.1ms)[0m  commit transaction
Redirected to http://localhost:3000/tasks/1
Completed 302 Found in 39ms (ActiveRecord: 25.2ms)


Started GET "/tasks/1" for 127.0.0.1 at 2015-04-13 22:22:33 +0800
Processing by TasksController#show as HTML
  Parameters: {"id"=>"1"}
  [1m[36mTask Load (0.2ms)[0m  [1mSELECT  "tasks".* FROM "tasks" WHERE "tasks"."id" = ? LIMIT 1[0m  [["id", 1]]
  Rendered tasks/show.html.erb within layouts/application (1.6ms)
Completed 200 OK in 164ms (Views: 161.7ms | ActiveRecord: 0.2ms)


Started GET "/tasks" for 127.0.0.1 at 2015-04-13 22:22:35 +0800
Processing by TasksController#index as HTML
  [1m[35mTask Load (0.2ms)[0m  SELECT "tasks".* FROM "tasks"
  Rendered tasks/index.html.erb within layouts/application (2.9ms)
Completed 200 OK in 74ms (Views: 73.2ms | ActiveRecord: 0.2ms)


Started GET "/tasks" for 127.0.0.1 at 2015-04-13 22:30:06 +0800
Processing by TasksController#index as HTML
  Rendered tasks/index.html.erb within layouts/application (1.5ms)
Completed 500 Internal Server Error in 16ms

SyntaxError (/home/andy/TODOLIST/todo/app/views/tasks/index.html.erb:18: syntax error, unexpected tSTRING_BEG, expecting keyword_do or '{' or '('
...append=( task.status, link_to 'Change', task, method: :chang...
...                               ^
/home/andy/TODOLIST/todo/app/views/tasks/index.html.erb:18: syntax error, unexpected ',', expecting ')'
... task.status, link_to 'Change', task, method: :change );@out...
...                               ^):
  app/views/tasks/index.html.erb:18: syntax error, unexpected tSTRING_BEG, expecting keyword_do or '{' or '('
  app/views/tasks/index.html.erb:18: syntax error, unexpected ',', expecting ')'


  Rendered /home/andy/.rvm/gems/ruby-2.1.5/gems/actionpack-4.2.0/lib/action_dispatch/middleware/templates/rescues/_source.erb (11.4ms)
  Rendered /home/andy/.rvm/gems/ruby-2.1.5/gems/actionpack-4.2.0/lib/action_dispatch/middleware/templates/rescues/_trace.html.erb (4.3ms)
  Rendered /home/andy/.rvm/gems/ruby-2.1.5/gems/actionpack-4.2.0/lib/action_dispatch/middleware/templates/rescues/_request_and_response.html.erb (1.4ms)
  Rendered /home/andy/.rvm/gems/ruby-2.1.5/gems/actionpack-4.2.0/lib/action_dispatch/middleware/templates/rescues/diagnostics.html.erb within rescues/layout (36.4ms)
  Rendered /home/andy/.rvm/gems/ruby-2.1.5/gems/web-console-2.1.2/lib/web_console/templates/_markup.html.erb (0.7ms)
  Rendered /home/andy/.rvm/gems/ruby-2.1.5/gems/web-console-2.1.2/lib/web_console/templates/style.css.erb within layouts/inlined_string (0.5ms)
  Rendered /home/andy/.rvm/gems/ruby-2.1.5/gems/web-console-2.1.2/lib/web_console/templates/_inner_console_markup.html.erb within layouts/inlined_string (0.4ms)
  Rendered /home/andy/.rvm/gems/ruby-2.1.5/gems/web-console-2.1.2/lib/web_console/templates/_prompt_box_markup.html.erb within layouts/inlined_string (0.4ms)
  Rendered /home/andy/.rvm/gems/ruby-2.1.5/gems/web-console-2.1.2/lib/web_console/templates/console.js.erb within layouts/javascript (39.5ms)
  Rendered /home/andy/.rvm/gems/ruby-2.1.5/gems/web-console-2.1.2/lib/web_console/templates/main.js.erb within layouts/javascript (0.6ms)
  Rendered /home/andy/.rvm/gems/ruby-2.1.5/gems/web-console-2.1.2/lib/web_console/templates/error_page.js.erb within layouts/javascript (0.5ms)
  Rendered /home/andy/.rvm/gems/ruby-2.1.5/gems/web-console-2.1.2/lib/web_console/templates/index.html.erb (77.3ms)


Started GET "/tasks" for 127.0.0.1 at 2015-04-13 22:30:35 +0800
Processing by TasksController#index as HTML
  Rendered tasks/index.html.erb within layouts/application (1.4ms)
Completed 500 Internal Server Error in 8ms

SyntaxError (/home/andy/TODOLIST/todo/app/views/tasks/index.html.erb:18: syntax error, unexpected tSTRING_BEG, expecting keyword_do or '{' or '('
...append=( task.status, link_to 'Change', task );@output_buffe...
...                               ^
/home/andy/TODOLIST/todo/app/views/tasks/index.html.erb:18: syntax error, unexpected ',', expecting ')'
... task.status, link_to 'Change', task );@output_buffer.safe_a...
...                               ^):
  app/views/tasks/index.html.erb:18: syntax error, unexpected tSTRING_BEG, expecting keyword_do or '{' or '('
  app/views/tasks/index.html.erb:18: syntax error, unexpected ',', expecting ')'


  Rendered /home/andy/.rvm/gems/ruby-2.1.5/gems/actionpack-4.2.0/lib/action_dispatch/middleware/templates/rescues/_source.erb (9.4ms)
  Rendered /home/andy/.rvm/gems/ruby-2.1.5/gems/actionpack-4.2.0/lib/action_dispatch/middleware/templates/rescues/_trace.html.erb (5.1ms)
  Rendered /home/andy/.rvm/gems/ruby-2.1.5/gems/actionpack-4.2.0/lib/action_dispatch/middleware/templates/rescues/_request_and_response.html.erb (1.4ms)
  Rendered /home/andy/.rvm/gems/ruby-2.1.5/gems/actionpack-4.2.0/lib/action_dispatch/middleware/templates/rescues/diagnostics.html.erb within rescues/layout (36.8ms)
  Rendered /home/andy/.rvm/gems/ruby-2.1.5/gems/web-console-2.1.2/lib/web_console/templates/_markup.html.erb (0.5ms)
  Rendered /home/andy/.rvm/gems/ruby-2.1.5/gems/web-console-2.1.2/lib/web_console/templates/style.css.erb within layouts/inlined_string (0.5ms)
  Rendered /home/andy/.rvm/gems/ruby-2.1.5/gems/web-console-2.1.2/lib/web_console/templates/_inner_console_markup.html.erb within layouts/inlined_string (0.6ms)
  Rendered /home/andy/.rvm/gems/ruby-2.1.5/gems/web-console-2.1.2/lib/web_console/templates/_prompt_box_markup.html.erb within layouts/inlined_string (0.5ms)
  Rendered /home/andy/.rvm/gems/ruby-2.1.5/gems/web-console-2.1.2/lib/web_console/templates/console.js.erb within layouts/javascript (18.2ms)
  Rendered /home/andy/.rvm/gems/ruby-2.1.5/gems/web-console-2.1.2/lib/web_console/templates/main.js.erb within layouts/javascript (0.8ms)
  Rendered /home/andy/.rvm/gems/ruby-2.1.5/gems/web-console-2.1.2/lib/web_console/templates/error_page.js.erb within layouts/javascript (0.8ms)
  Rendered /home/andy/.rvm/gems/ruby-2.1.5/gems/web-console-2.1.2/lib/web_console/templates/index.html.erb (40.7ms)


Started GET "/tasks" for 127.0.0.1 at 2015-04-13 22:31:18 +0800
Processing by TasksController#index as HTML
  [1m[36mTask Load (0.5ms)[0m  [1mSELECT "tasks".* FROM "tasks"[0m
  Rendered tasks/index.html.erb within layouts/application (18.3ms)
Completed 200 OK in 94ms (Views: 92.1ms | ActiveRecord: 1.3ms)


Started GET "/assets/scaffolds-a3e1dca525f6d7438218c53d40da5848.css?body=1" for 127.0.0.1 at 2015-04-13 22:31:19 +0800


Started GET "/assets/tasks-64e62ddc273c2f5847f30d698ca14b67.css?body=1" for 127.0.0.1 at 2015-04-13 22:31:19 +0800


Started GET "/assets/application-e4dd8c4d6b6943f2e04aa11095c001dc.css?body=1" for 127.0.0.1 at 2015-04-13 22:31:19 +0800


Started GET "/assets/jquery-87424c3c19e96d4fb033c10ebe21ec40.js?body=1" for 127.0.0.1 at 2015-04-13 22:31:19 +0800


Started GET "/assets/turbolinks-f87b3583ca50adb0488b031297f5580d.js?body=1" for 127.0.0.1 at 2015-04-13 22:31:19 +0800


Started GET "/assets/tasks-fcec5b5a277ac7c20cc9f45a209a3bcd.js?body=1" for 127.0.0.1 at 2015-04-13 22:31:19 +0800


Started GET "/assets/jquery_ujs-e27bd20a10d28155845a22d71ef94f2f.js?body=1" for 127.0.0.1 at 2015-04-13 22:31:19 +0800


Started GET "/assets/application-001948a807d6467a657420955d9f0c1c.js?body=1" for 127.0.0.1 at 2015-04-13 22:31:19 +0800


Started GET "/tasks/1" for 127.0.0.1 at 2015-04-13 22:31:21 +0800
Processing by TasksController#show as HTML
  Parameters: {"id"=>"1"}
  [1m[35mTask Load (0.2ms)[0m  SELECT  "tasks".* FROM "tasks" WHERE "tasks"."id" = ? LIMIT 1  [["id", 1]]
  Rendered tasks/show.html.erb within layouts/application (1.0ms)
Completed 200 OK in 71ms (Views: 68.5ms | ActiveRecord: 0.2ms)


Started GET "/tasks" for 127.0.0.1 at 2015-04-13 22:31:23 +0800
Processing by TasksController#index as HTML
  [1m[36mTask Load (0.2ms)[0m  [1mSELECT "tasks".* FROM "tasks"[0m
  Rendered tasks/index.html.erb within layouts/application (3.0ms)
Completed 200 OK in 76ms (Views: 74.9ms | ActiveRecord: 0.2ms)


Started GET "/tasks/1" for 127.0.0.1 at 2015-04-13 22:31:25 +0800
Processing by TasksController#show as HTML
  Parameters: {"id"=>"1"}
  [1m[35mTask Load (0.3ms)[0m  SELECT  "tasks".* FROM "tasks" WHERE "tasks"."id" = ? LIMIT 1  [["id", 1]]
  Rendered tasks/show.html.erb within layouts/application (0.4ms)
Completed 200 OK in 86ms (Views: 84.2ms | ActiveRecord: 0.3ms)


Started GET "/tasks" for 127.0.0.1 at 2015-04-13 22:31:26 +0800
Processing by TasksController#index as HTML
  [1m[36mTask Load (0.2ms)[0m  [1mSELECT "tasks".* FROM "tasks"[0m
  Rendered tasks/index.html.erb within layouts/application (4.9ms)
Completed 200 OK in 82ms (Views: 80.6ms | ActiveRecord: 0.2ms)


Started GET "/tasks/1" for 127.0.0.1 at 2015-04-13 22:31:29 +0800
Processing by TasksController#show as HTML
  Parameters: {"id"=>"1"}
  [1m[35mTask Load (0.1ms)[0m  SELECT  "tasks".* FROM "tasks" WHERE "tasks"."id" = ? LIMIT 1  [["id", 1]]
  Rendered tasks/show.html.erb within layouts/application (1.3ms)
Completed 200 OK in 77ms (Views: 76.1ms | ActiveRecord: 0.1ms)


Started GET "/tasks" for 127.0.0.1 at 2015-04-13 22:31:42 +0800
Processing by TasksController#index as HTML
  [1m[36mTask Load (0.2ms)[0m  [1mSELECT "tasks".* FROM "tasks"[0m
  Rendered tasks/index.html.erb within layouts/application (1.6ms)
Completed 200 OK in 84ms (Views: 82.8ms | ActiveRecord: 0.2ms)


Started GET "/tasks" for 127.0.0.1 at 2015-04-13 22:32:11 +0800
Processing by TasksController#index as HTML
  [1m[35mTask Load (0.4ms)[0m  SELECT "tasks".* FROM "tasks"
  Rendered tasks/index.html.erb within layouts/application (5.4ms)
Completed 500 Internal Server Error in 11ms

ActionView::Template::Error (undefined method `stringify_keys' for #<Task:0x000000049e8050>):
    15:     <% @tasks.each do |task| %>
    16:       <tr>
    17:         <td><%= task.name %></td>
    18:         <td><%= link_to 'Change',task.status, task %></td>
    19:         <td><%= link_to 'Show', task %></td>
    20:         <td><%= link_to 'Edit', edit_task_path(task) %></td>
    21:         <td><%= link_to 'Destroy', task, method: :delete, data: { confirm: 'Are you sure?' } %></td>
  app/views/tasks/index.html.erb:18:in `block in _app_views_tasks_index_html_erb___2421358814612517000_38807340'
  app/views/tasks/index.html.erb:15:in `_app_views_tasks_index_html_erb___2421358814612517000_38807340'


  Rendered /home/andy/.rvm/gems/ruby-2.1.5/gems/actionpack-4.2.0/lib/action_dispatch/middleware/templates/rescues/_source.erb (13.8ms)
  Rendered /home/andy/.rvm/gems/ruby-2.1.5/gems/actionpack-4.2.0/lib/action_dispatch/middleware/templates/rescues/_trace.html.erb (4.4ms)
  Rendered /home/andy/.rvm/gems/ruby-2.1.5/gems/actionpack-4.2.0/lib/action_dispatch/middleware/templates/rescues/_request_and_response.html.erb (1.2ms)
  Rendered /home/andy/.rvm/gems/ruby-2.1.5/gems/actionpack-4.2.0/lib/action_dispatch/middleware/templates/rescues/template_error.html.erb within rescues/layout (37.1ms)
  Rendered /home/andy/.rvm/gems/ruby-2.1.5/gems/web-console-2.1.2/lib/web_console/templates/_markup.html.erb (0.5ms)
  Rendered /home/andy/.rvm/gems/ruby-2.1.5/gems/web-console-2.1.2/lib/web_console/templates/style.css.erb within layouts/inlined_string (0.4ms)
  Rendered /home/andy/.rvm/gems/ruby-2.1.5/gems/web-console-2.1.2/lib/web_console/templates/_inner_console_markup.html.erb within layouts/inlined_string (0.4ms)
  Rendered /home/andy/.rvm/gems/ruby-2.1.5/gems/web-console-2.1.2/lib/web_console/templates/_prompt_box_markup.html.erb within layouts/inlined_string (0.3ms)
  Rendered /home/andy/.rvm/gems/ruby-2.1.5/gems/web-console-2.1.2/lib/web_console/templates/console.js.erb within layouts/javascript (15.5ms)
  Rendered /home/andy/.rvm/gems/ruby-2.1.5/gems/web-console-2.1.2/lib/web_console/templates/main.js.erb within layouts/javascript (0.6ms)
  Rendered /home/andy/.rvm/gems/ruby-2.1.5/gems/web-console-2.1.2/lib/web_console/templates/error_page.js.erb within layouts/javascript (1.2ms)
  Rendered /home/andy/.rvm/gems/ruby-2.1.5/gems/web-console-2.1.2/lib/web_console/templates/index.html.erb (38.2ms)


Started GET "/tasks" for 127.0.0.1 at 2015-04-13 22:32:43 +0800
Processing by TasksController#index as HTML
  [1m[36mTask Load (0.2ms)[0m  [1mSELECT "tasks".* FROM "tasks"[0m
  Rendered tasks/index.html.erb within layouts/application (3.4ms)
Completed 200 OK in 94ms (Views: 93.2ms | ActiveRecord: 0.2ms)


Started GET "/assets/scaffolds-a3e1dca525f6d7438218c53d40da5848.css?body=1" for 127.0.0.1 at 2015-04-13 22:32:43 +0800


Started GET "/assets/tasks-64e62ddc273c2f5847f30d698ca14b67.css?body=1" for 127.0.0.1 at 2015-04-13 22:32:43 +0800


Started GET "/assets/tasks-fcec5b5a277ac7c20cc9f45a209a3bcd.js?body=1" for 127.0.0.1 at 2015-04-13 22:32:43 +0800


Started GET "/assets/jquery_ujs-e27bd20a10d28155845a22d71ef94f2f.js?body=1" for 127.0.0.1 at 2015-04-13 22:32:43 +0800


Started GET "/assets/application-e4dd8c4d6b6943f2e04aa11095c001dc.css?body=1" for 127.0.0.1 at 2015-04-13 22:32:43 +0800


Started GET "/assets/jquery-87424c3c19e96d4fb033c10ebe21ec40.js?body=1" for 127.0.0.1 at 2015-04-13 22:32:43 +0800


Started GET "/assets/application-001948a807d6467a657420955d9f0c1c.js?body=1" for 127.0.0.1 at 2015-04-13 22:32:43 +0800


Started GET "/assets/turbolinks-f87b3583ca50adb0488b031297f5580d.js?body=1" for 127.0.0.1 at 2015-04-13 22:32:43 +0800


Started GET "/tasks/1" for 127.0.0.1 at 2015-04-13 22:32:45 +0800
Processing by TasksController#show as HTML
  Parameters: {"id"=>"1"}
  [1m[35mTask Load (0.1ms)[0m  SELECT  "tasks".* FROM "tasks" WHERE "tasks"."id" = ? LIMIT 1  [["id", 1]]
  Rendered tasks/show.html.erb within layouts/application (0.4ms)
Completed 200 OK in 84ms (Views: 82.4ms | ActiveRecord: 0.1ms)


Started GET "/tasks" for 127.0.0.1 at 2015-04-13 22:32:46 +0800
Processing by TasksController#index as HTML
  [1m[36mTask Load (0.2ms)[0m  [1mSELECT "tasks".* FROM "tasks"[0m
  Rendered tasks/index.html.erb within layouts/application (2.7ms)
Completed 200 OK in 84ms (Views: 83.3ms | ActiveRecord: 0.2ms)


Started GET "/tasks" for 127.0.0.1 at 2015-04-13 22:33:02 +0800
Processing by TasksController#index as HTML
  [1m[35mTask Load (0.3ms)[0m  SELECT "tasks".* FROM "tasks"
  Rendered tasks/index.html.erb within layouts/application (5.2ms)
Completed 200 OK in 94ms (Views: 93.3ms | ActiveRecord: 0.3ms)


Started GET "/assets/scaffolds-a3e1dca525f6d7438218c53d40da5848.css?body=1" for 127.0.0.1 at 2015-04-13 22:33:03 +0800


Started GET "/assets/tasks-64e62ddc273c2f5847f30d698ca14b67.css?body=1" for 127.0.0.1 at 2015-04-13 22:33:03 +0800


Started GET "/assets/jquery_ujs-e27bd20a10d28155845a22d71ef94f2f.js?body=1" for 127.0.0.1 at 2015-04-13 22:33:03 +0800


Started GET "/assets/application-e4dd8c4d6b6943f2e04aa11095c001dc.css?body=1" for 127.0.0.1 at 2015-04-13 22:33:03 +0800


Started GET "/assets/jquery-87424c3c19e96d4fb033c10ebe21ec40.js?body=1" for 127.0.0.1 at 2015-04-13 22:33:03 +0800


Started GET "/assets/application-001948a807d6467a657420955d9f0c1c.js?body=1" for 127.0.0.1 at 2015-04-13 22:33:03 +0800


Started GET "/assets/turbolinks-f87b3583ca50adb0488b031297f5580d.js?body=1" for 127.0.0.1 at 2015-04-13 22:33:03 +0800


Started GET "/assets/tasks-fcec5b5a277ac7c20cc9f45a209a3bcd.js?body=1" for 127.0.0.1 at 2015-04-13 22:33:03 +0800


Started POST "/tasks/1" for 127.0.0.1 at 2015-04-13 22:33:04 +0800

ActionController::RoutingError (No route matches [POST] "/tasks/1"):
  actionpack (4.2.0) lib/action_dispatch/middleware/debug_exceptions.rb:21:in `call'
  web-console (2.1.2) lib/web_console/middleware.rb:37:in `call'
  actionpack (4.2.0) lib/action_dispatch/middleware/show_exceptions.rb:30:in `call'
  railties (4.2.0) lib/rails/rack/logger.rb:38:in `call_app'
  railties (4.2.0) lib/rails/rack/logger.rb:20:in `block in call'
  activesupport (4.2.0) lib/active_support/tagged_logging.rb:68:in `block in tagged'
  activesupport (4.2.0) lib/active_support/tagged_logging.rb:26:in `tagged'
  activesupport (4.2.0) lib/active_support/tagged_logging.rb:68:in `tagged'
  railties (4.2.0) lib/rails/rack/logger.rb:20:in `call'
  actionpack (4.2.0) lib/action_dispatch/middleware/request_id.rb:21:in `call'
  rack (1.6.0) lib/rack/methodoverride.rb:22:in `call'
  rack (1.6.0) lib/rack/runtime.rb:18:in `call'
  activesupport (4.2.0) lib/active_support/cache/strategy/local_cache_middleware.rb:28:in `call'
  rack (1.6.0) lib/rack/lock.rb:17:in `call'
  actionpack (4.2.0) lib/action_dispatch/middleware/static.rb:113:in `call'
  rack (1.6.0) lib/rack/sendfile.rb:113:in `call'
  railties (4.2.0) lib/rails/engine.rb:518:in `call'
  railties (4.2.0) lib/rails/application.rb:164:in `call'
  rack (1.6.0) lib/rack/lock.rb:17:in `call'
  rack (1.6.0) lib/rack/content_length.rb:15:in `call'
  rack (1.6.0) lib/rack/handler/webrick.rb:89:in `service'
  /home/andy/.rvm/rubies/ruby-2.1.5/lib/ruby/2.1.0/webrick/httpserver.rb:138:in `service'
  /home/andy/.rvm/rubies/ruby-2.1.5/lib/ruby/2.1.0/webrick/httpserver.rb:94:in `run'
  /home/andy/.rvm/rubies/ruby-2.1.5/lib/ruby/2.1.0/webrick/server.rb:295:in `block in start_thread'


  Rendered /home/andy/.rvm/gems/ruby-2.1.5/gems/actionpack-4.2.0/lib/action_dispatch/middleware/templates/rescues/_trace.html.erb (5.6ms)
  Rendered /home/andy/.rvm/gems/ruby-2.1.5/gems/actionpack-4.2.0/lib/action_dispatch/middleware/templates/routes/_route.html.erb (1.9ms)
  Rendered /home/andy/.rvm/gems/ruby-2.1.5/gems/actionpack-4.2.0/lib/action_dispatch/middleware/templates/routes/_table.html.erb (3.3ms)
  Rendered /home/andy/.rvm/gems/ruby-2.1.5/gems/actionpack-4.2.0/lib/action_dispatch/middleware/templates/rescues/_request_and_response.html.erb (8.8ms)
  Rendered /home/andy/.rvm/gems/ruby-2.1.5/gems/actionpack-4.2.0/lib/action_dispatch/middleware/templates/rescues/routing_error.html.erb within rescues/layout (55.0ms)
  Rendered /home/andy/.rvm/gems/ruby-2.1.5/gems/web-console-2.1.2/lib/web_console/templates/_markup.html.erb (1.0ms)
  Rendered /home/andy/.rvm/gems/ruby-2.1.5/gems/web-console-2.1.2/lib/web_console/templates/style.css.erb within layouts/inlined_string (0.5ms)
  Rendered /home/andy/.rvm/gems/ruby-2.1.5/gems/web-console-2.1.2/lib/web_console/templates/_inner_console_markup.html.erb within layouts/inlined_string (0.4ms)
  Rendered /home/andy/.rvm/gems/ruby-2.1.5/gems/web-console-2.1.2/lib/web_console/templates/_prompt_box_markup.html.erb within layouts/inlined_string (0.4ms)
  Rendered /home/andy/.rvm/gems/ruby-2.1.5/gems/web-console-2.1.2/lib/web_console/templates/console.js.erb within layouts/javascript (17.2ms)
  Rendered /home/andy/.rvm/gems/ruby-2.1.5/gems/web-console-2.1.2/lib/web_console/templates/main.js.erb within layouts/javascript (0.4ms)
  Rendered /home/andy/.rvm/gems/ruby-2.1.5/gems/web-console-2.1.2/lib/web_console/templates/error_page.js.erb within layouts/javascript (0.5ms)
  Rendered /home/andy/.rvm/gems/ruby-2.1.5/gems/web-console-2.1.2/lib/web_console/templates/index.html.erb (34.8ms)


Started POST "/tasks/1" for 127.0.0.1 at 2015-04-13 22:33:33 +0800

ActionController::RoutingError (No route matches [POST] "/tasks/1"):
  actionpack (4.2.0) lib/action_dispatch/middleware/debug_exceptions.rb:21:in `call'
  web-console (2.1.2) lib/web_console/middleware.rb:37:in `call'
  actionpack (4.2.0) lib/action_dispatch/middleware/show_exceptions.rb:30:in `call'
  railties (4.2.0) lib/rails/rack/logger.rb:38:in `call_app'
  railties (4.2.0) lib/rails/rack/logger.rb:20:in `block in call'
  activesupport (4.2.0) lib/active_support/tagged_logging.rb:68:in `block in tagged'
  activesupport (4.2.0) lib/active_support/tagged_logging.rb:26:in `tagged'
  activesupport (4.2.0) lib/active_support/tagged_logging.rb:68:in `tagged'
  railties (4.2.0) lib/rails/rack/logger.rb:20:in `call'
  actionpack (4.2.0) lib/action_dispatch/middleware/request_id.rb:21:in `call'
  rack (1.6.0) lib/rack/methodoverride.rb:22:in `call'
  rack (1.6.0) lib/rack/runtime.rb:18:in `call'
  activesupport (4.2.0) lib/active_support/cache/strategy/local_cache_middleware.rb:28:in `call'
  rack (1.6.0) lib/rack/lock.rb:17:in `call'
  actionpack (4.2.0) lib/action_dispatch/middleware/static.rb:113:in `call'
  rack (1.6.0) lib/rack/sendfile.rb:113:in `call'
  railties (4.2.0) lib/rails/engine.rb:518:in `call'
  railties (4.2.0) lib/rails/application.rb:164:in `call'
  rack (1.6.0) lib/rack/lock.rb:17:in `call'
  rack (1.6.0) lib/rack/content_length.rb:15:in `call'
  rack (1.6.0) lib/rack/handler/webrick.rb:89:in `service'
  /home/andy/.rvm/rubies/ruby-2.1.5/lib/ruby/2.1.0/webrick/httpserver.rb:138:in `service'
  /home/andy/.rvm/rubies/ruby-2.1.5/lib/ruby/2.1.0/webrick/httpserver.rb:94:in `run'
  /home/andy/.rvm/rubies/ruby-2.1.5/lib/ruby/2.1.0/webrick/server.rb:295:in `block in start_thread'


  Rendered /home/andy/.rvm/gems/ruby-2.1.5/gems/actionpack-4.2.0/lib/action_dispatch/middleware/templates/rescues/_trace.html.erb (2.3ms)
  Rendered /home/andy/.rvm/gems/ruby-2.1.5/gems/actionpack-4.2.0/lib/action_dispatch/middleware/templates/routes/_route.html.erb (1.3ms)
  Rendered /home/andy/.rvm/gems/ruby-2.1.5/gems/actionpack-4.2.0/lib/action_dispatch/middleware/templates/routes/_table.html.erb (1.8ms)
  Rendered /home/andy/.rvm/gems/ruby-2.1.5/gems/actionpack-4.2.0/lib/action_dispatch/middleware/templates/rescues/_request_and_response.html.erb (1.5ms)
  Rendered /home/andy/.rvm/gems/ruby-2.1.5/gems/actionpack-4.2.0/lib/action_dispatch/middleware/templates/rescues/routing_error.html.erb within rescues/layout (32.5ms)
  Rendered /home/andy/.rvm/gems/ruby-2.1.5/gems/web-console-2.1.2/lib/web_console/templates/_markup.html.erb (0.5ms)
  Rendered /home/andy/.rvm/gems/ruby-2.1.5/gems/web-console-2.1.2/lib/web_console/templates/style.css.erb within layouts/inlined_string (0.5ms)
  Rendered /home/andy/.rvm/gems/ruby-2.1.5/gems/web-console-2.1.2/lib/web_console/templates/_inner_console_markup.html.erb within layouts/inlined_string (0.6ms)
  Rendered /home/andy/.rvm/gems/ruby-2.1.5/gems/web-console-2.1.2/lib/web_console/templates/_prompt_box_markup.html.erb within layouts/inlined_string (0.6ms)
  Rendered /home/andy/.rvm/gems/ruby-2.1.5/gems/web-console-2.1.2/lib/web_console/templates/console.js.erb within layouts/javascript (19.9ms)
  Rendered /home/andy/.rvm/gems/ruby-2.1.5/gems/web-console-2.1.2/lib/web_console/templates/main.js.erb within layouts/javascript (0.4ms)
  Rendered /home/andy/.rvm/gems/ruby-2.1.5/gems/web-console-2.1.2/lib/web_console/templates/error_page.js.erb within layouts/javascript (0.6ms)
  Rendered /home/andy/.rvm/gems/ruby-2.1.5/gems/web-console-2.1.2/lib/web_console/templates/index.html.erb (54.3ms)


Started POST "/tasks/1" for 127.0.0.1 at 2015-04-13 22:33:37 +0800

ActionController::RoutingError (No route matches [POST] "/tasks/1"):
  actionpack (4.2.0) lib/action_dispatch/middleware/debug_exceptions.rb:21:in `call'
  web-console (2.1.2) lib/web_console/middleware.rb:37:in `call'
  actionpack (4.2.0) lib/action_dispatch/middleware/show_exceptions.rb:30:in `call'
  railties (4.2.0) lib/rails/rack/logger.rb:38:in `call_app'
  railties (4.2.0) lib/rails/rack/logger.rb:20:in `block in call'
  activesupport (4.2.0) lib/active_support/tagged_logging.rb:68:in `block in tagged'
  activesupport (4.2.0) lib/active_support/tagged_logging.rb:26:in `tagged'
  activesupport (4.2.0) lib/active_support/tagged_logging.rb:68:in `tagged'
  railties (4.2.0) lib/rails/rack/logger.rb:20:in `call'
  actionpack (4.2.0) lib/action_dispatch/middleware/request_id.rb:21:in `call'
  rack (1.6.0) lib/rack/methodoverride.rb:22:in `call'
  rack (1.6.0) lib/rack/runtime.rb:18:in `call'
  activesupport (4.2.0) lib/active_support/cache/strategy/local_cache_middleware.rb:28:in `call'
  rack (1.6.0) lib/rack/lock.rb:17:in `call'
  actionpack (4.2.0) lib/action_dispatch/middleware/static.rb:113:in `call'
  rack (1.6.0) lib/rack/sendfile.rb:113:in `call'
  railties (4.2.0) lib/rails/engine.rb:518:in `call'
  railties (4.2.0) lib/rails/application.rb:164:in `call'
  rack (1.6.0) lib/rack/lock.rb:17:in `call'
  rack (1.6.0) lib/rack/content_length.rb:15:in `call'
  rack (1.6.0) lib/rack/handler/webrick.rb:89:in `service'
  /home/andy/.rvm/rubies/ruby-2.1.5/lib/ruby/2.1.0/webrick/httpserver.rb:138:in `service'
  /home/andy/.rvm/rubies/ruby-2.1.5/lib/ruby/2.1.0/webrick/httpserver.rb:94:in `run'
  /home/andy/.rvm/rubies/ruby-2.1.5/lib/ruby/2.1.0/webrick/server.rb:295:in `block in start_thread'


  Rendered /home/andy/.rvm/gems/ruby-2.1.5/gems/actionpack-4.2.0/lib/action_dispatch/middleware/templates/rescues/_trace.html.erb (2.4ms)
  Rendered /home/andy/.rvm/gems/ruby-2.1.5/gems/actionpack-4.2.0/lib/action_dispatch/middleware/templates/routes/_route.html.erb (2.5ms)
  Rendered /home/andy/.rvm/gems/ruby-2.1.5/gems/actionpack-4.2.0/lib/action_dispatch/middleware/templates/routes/_table.html.erb (4.3ms)
  Rendered /home/andy/.rvm/gems/ruby-2.1.5/gems/actionpack-4.2.0/lib/action_dispatch/middleware/templates/rescues/_request_and_response.html.erb (2.4ms)
  Rendered /home/andy/.rvm/gems/ruby-2.1.5/gems/actionpack-4.2.0/lib/action_dispatch/middleware/templates/rescues/routing_error.html.erb within rescues/layout (39.6ms)
  Rendered /home/andy/.rvm/gems/ruby-2.1.5/gems/web-console-2.1.2/lib/web_console/templates/_markup.html.erb (0.6ms)
  Rendered /home/andy/.rvm/gems/ruby-2.1.5/gems/web-console-2.1.2/lib/web_console/templates/style.css.erb within layouts/inlined_string (1.4ms)
  Rendered /home/andy/.rvm/gems/ruby-2.1.5/gems/web-console-2.1.2/lib/web_console/templates/_inner_console_markup.html.erb within layouts/inlined_string (0.6ms)
  Rendered /home/andy/.rvm/gems/ruby-2.1.5/gems/web-console-2.1.2/lib/web_console/templates/_prompt_box_markup.html.erb within layouts/inlined_string (0.3ms)
  Rendered /home/andy/.rvm/gems/ruby-2.1.5/gems/web-console-2.1.2/lib/web_console/templates/console.js.erb within layouts/javascript (19.7ms)
  Rendered /home/andy/.rvm/gems/ruby-2.1.5/gems/web-console-2.1.2/lib/web_console/templates/main.js.erb within layouts/javascript (0.6ms)
  Rendered /home/andy/.rvm/gems/ruby-2.1.5/gems/web-console-2.1.2/lib/web_console/templates/error_page.js.erb within layouts/javascript (0.7ms)
  Rendered /home/andy/.rvm/gems/ruby-2.1.5/gems/web-console-2.1.2/lib/web_console/templates/index.html.erb (41.9ms)


Started POST "/tasks/1" for 127.0.0.1 at 2015-04-13 22:34:46 +0800

ActionController::RoutingError (No route matches [POST] "/tasks/1"):
  actionpack (4.2.0) lib/action_dispatch/middleware/debug_exceptions.rb:21:in `call'
  web-console (2.1.2) lib/web_console/middleware.rb:37:in `call'
  actionpack (4.2.0) lib/action_dispatch/middleware/show_exceptions.rb:30:in `call'
  railties (4.2.0) lib/rails/rack/logger.rb:38:in `call_app'
  railties (4.2.0) lib/rails/rack/logger.rb:20:in `block in call'
  activesupport (4.2.0) lib/active_support/tagged_logging.rb:68:in `block in tagged'
  activesupport (4.2.0) lib/active_support/tagged_logging.rb:26:in `tagged'
  activesupport (4.2.0) lib/active_support/tagged_logging.rb:68:in `tagged'
  railties (4.2.0) lib/rails/rack/logger.rb:20:in `call'
  actionpack (4.2.0) lib/action_dispatch/middleware/request_id.rb:21:in `call'
  rack (1.6.0) lib/rack/methodoverride.rb:22:in `call'
  rack (1.6.0) lib/rack/runtime.rb:18:in `call'
  activesupport (4.2.0) lib/active_support/cache/strategy/local_cache_middleware.rb:28:in `call'
  rack (1.6.0) lib/rack/lock.rb:17:in `call'
  actionpack (4.2.0) lib/action_dispatch/middleware/static.rb:113:in `call'
  rack (1.6.0) lib/rack/sendfile.rb:113:in `call'
  railties (4.2.0) lib/rails/engine.rb:518:in `call'
  railties (4.2.0) lib/rails/application.rb:164:in `call'
  rack (1.6.0) lib/rack/lock.rb:17:in `call'
  rack (1.6.0) lib/rack/content_length.rb:15:in `call'
  rack (1.6.0) lib/rack/handler/webrick.rb:89:in `service'
  /home/andy/.rvm/rubies/ruby-2.1.5/lib/ruby/2.1.0/webrick/httpserver.rb:138:in `service'
  /home/andy/.rvm/rubies/ruby-2.1.5/lib/ruby/2.1.0/webrick/httpserver.rb:94:in `run'
  /home/andy/.rvm/rubies/ruby-2.1.5/lib/ruby/2.1.0/webrick/server.rb:295:in `block in start_thread'


  Rendered /home/andy/.rvm/gems/ruby-2.1.5/gems/actionpack-4.2.0/lib/action_dispatch/middleware/templates/rescues/_trace.html.erb (1.6ms)
  Rendered /home/andy/.rvm/gems/ruby-2.1.5/gems/actionpack-4.2.0/lib/action_dispatch/middleware/templates/routes/_route.html.erb (1.8ms)
  Rendered /home/andy/.rvm/gems/ruby-2.1.5/gems/actionpack-4.2.0/lib/action_dispatch/middleware/templates/routes/_table.html.erb (2.5ms)
  Rendered /home/andy/.rvm/gems/ruby-2.1.5/gems/actionpack-4.2.0/lib/action_dispatch/middleware/templates/rescues/_request_and_response.html.erb (3.3ms)
  Rendered /home/andy/.rvm/gems/ruby-2.1.5/gems/actionpack-4.2.0/lib/action_dispatch/middleware/templates/rescues/routing_error.html.erb within rescues/layout (32.5ms)
  Rendered /home/andy/.rvm/gems/ruby-2.1.5/gems/web-console-2.1.2/lib/web_console/templates/_markup.html.erb (0.6ms)
  Rendered /home/andy/.rvm/gems/ruby-2.1.5/gems/web-console-2.1.2/lib/web_console/templates/style.css.erb within layouts/inlined_string (0.5ms)
  Rendered /home/andy/.rvm/gems/ruby-2.1.5/gems/web-console-2.1.2/lib/web_console/templates/_inner_console_markup.html.erb within layouts/inlined_string (1.1ms)
  Rendered /home/andy/.rvm/gems/ruby-2.1.5/gems/web-console-2.1.2/lib/web_console/templates/_prompt_box_markup.html.erb within layouts/inlined_string (0.5ms)
  Rendered /home/andy/.rvm/gems/ruby-2.1.5/gems/web-console-2.1.2/lib/web_console/templates/console.js.erb within layouts/javascript (26.5ms)
  Rendered /home/andy/.rvm/gems/ruby-2.1.5/gems/web-console-2.1.2/lib/web_console/templates/main.js.erb within layouts/javascript (0.5ms)
  Rendered /home/andy/.rvm/gems/ruby-2.1.5/gems/web-console-2.1.2/lib/web_console/templates/error_page.js.erb within layouts/javascript (1.2ms)
  Rendered /home/andy/.rvm/gems/ruby-2.1.5/gems/web-console-2.1.2/lib/web_console/templates/index.html.erb (49.6ms)


Started GET "/tasks" for 127.0.0.1 at 2015-04-13 22:35:13 +0800
Processing by TasksController#index as HTML
  [1m[36mTask Load (7.7ms)[0m  [1mSELECT "tasks".* FROM "tasks"[0m
  Rendered tasks/index.html.erb within layouts/application (9.9ms)
Completed 200 OK in 133ms (Views: 124.2ms | ActiveRecord: 7.7ms)


Started GET "/assets/scaffolds-a3e1dca525f6d7438218c53d40da5848.css?body=1" for 127.0.0.1 at 2015-04-13 22:35:13 +0800


Started GET "/assets/tasks-64e62ddc273c2f5847f30d698ca14b67.css?body=1" for 127.0.0.1 at 2015-04-13 22:35:13 +0800


Started GET "/assets/application-e4dd8c4d6b6943f2e04aa11095c001dc.css?body=1" for 127.0.0.1 at 2015-04-13 22:35:13 +0800


Started GET "/assets/jquery-87424c3c19e96d4fb033c10ebe21ec40.js?body=1" for 127.0.0.1 at 2015-04-13 22:35:13 +0800


Started GET "/assets/jquery_ujs-e27bd20a10d28155845a22d71ef94f2f.js?body=1" for 127.0.0.1 at 2015-04-13 22:35:13 +0800


Started GET "/assets/turbolinks-f87b3583ca50adb0488b031297f5580d.js?body=1" for 127.0.0.1 at 2015-04-13 22:35:13 +0800


Started GET "/assets/tasks-fcec5b5a277ac7c20cc9f45a209a3bcd.js?body=1" for 127.0.0.1 at 2015-04-13 22:35:13 +0800


Started GET "/assets/application-001948a807d6467a657420955d9f0c1c.js?body=1" for 127.0.0.1 at 2015-04-13 22:35:13 +0800


Started POST "/tasks" for 127.0.0.1 at 2015-04-13 22:35:14 +0800
Processing by TasksController#create as HTML
  Parameters: {"authenticity_token"=>"tDRDcL4kSYtoxFI2J9GMGrcy+0rfqKGKoewkHksZtPsfEhfTLTzzsB3mzX7pbYxCqsCwpBQ5nn2KOy1JCGM3VA=="}
Completed 400 Bad Request in 3ms

ActionController::ParameterMissing (param is missing or the value is empty: task):
  app/controllers/tasks_controller.rb:81:in `task_params'
  app/controllers/tasks_controller.rb:27:in `create'


  Rendered /home/andy/.rvm/gems/ruby-2.1.5/gems/actionpack-4.2.0/lib/action_dispatch/middleware/templates/rescues/_source.erb (37.8ms)
  Rendered /home/andy/.rvm/gems/ruby-2.1.5/gems/actionpack-4.2.0/lib/action_dispatch/middleware/templates/rescues/_trace.html.erb (13.0ms)
  Rendered /home/andy/.rvm/gems/ruby-2.1.5/gems/actionpack-4.2.0/lib/action_dispatch/middleware/templates/rescues/_request_and_response.html.erb (2.1ms)
  Rendered /home/andy/.rvm/gems/ruby-2.1.5/gems/actionpack-4.2.0/lib/action_dispatch/middleware/templates/rescues/diagnostics.html.erb within rescues/layout (86.8ms)
  Rendered /home/andy/.rvm/gems/ruby-2.1.5/gems/web-console-2.1.2/lib/web_console/templates/_markup.html.erb (0.9ms)
  Rendered /home/andy/.rvm/gems/ruby-2.1.5/gems/web-console-2.1.2/lib/web_console/templates/style.css.erb within layouts/inlined_string (0.5ms)
  Rendered /home/andy/.rvm/gems/ruby-2.1.5/gems/web-console-2.1.2/lib/web_console/templates/_inner_console_markup.html.erb within layouts/inlined_string (0.5ms)
  Rendered /home/andy/.rvm/gems/ruby-2.1.5/gems/web-console-2.1.2/lib/web_console/templates/_prompt_box_markup.html.erb within layouts/inlined_string (0.6ms)
  Rendered /home/andy/.rvm/gems/ruby-2.1.5/gems/web-console-2.1.2/lib/web_console/templates/console.js.erb within layouts/javascript (29.2ms)
  Rendered /home/andy/.rvm/gems/ruby-2.1.5/gems/web-console-2.1.2/lib/web_console/templates/main.js.erb within layouts/javascript (1.2ms)
  Rendered /home/andy/.rvm/gems/ruby-2.1.5/gems/web-console-2.1.2/lib/web_console/templates/error_page.js.erb within layouts/javascript (0.7ms)
  Rendered /home/andy/.rvm/gems/ruby-2.1.5/gems/web-console-2.1.2/lib/web_console/templates/index.html.erb (95.0ms)


Started POST "/tasks" for 127.0.0.1 at 2015-04-13 22:37:08 +0800
Processing by TasksController#create as HTML
  Parameters: {"authenticity_token"=>"tDRDcL4kSYtoxFI2J9GMGrcy+0rfqKGKoewkHksZtPsfEhfTLTzzsB3mzX7pbYxCqsCwpBQ5nn2KOy1JCGM3VA=="}
Completed 400 Bad Request in 5ms

ActionController::ParameterMissing (param is missing or the value is empty: task):
  app/controllers/tasks_controller.rb:81:in `task_params'
  app/controllers/tasks_controller.rb:27:in `create'


  Rendered /home/andy/.rvm/gems/ruby-2.1.5/gems/actionpack-4.2.0/lib/action_dispatch/middleware/templates/rescues/_source.erb (11.2ms)
  Rendered /home/andy/.rvm/gems/ruby-2.1.5/gems/actionpack-4.2.0/lib/action_dispatch/middleware/templates/rescues/_trace.html.erb (6.8ms)
  Rendered /home/andy/.rvm/gems/ruby-2.1.5/gems/actionpack-4.2.0/lib/action_dispatch/middleware/templates/rescues/_request_and_response.html.erb (1.7ms)
  Rendered /home/andy/.rvm/gems/ruby-2.1.5/gems/actionpack-4.2.0/lib/action_dispatch/middleware/templates/rescues/diagnostics.html.erb within rescues/layout (49.9ms)
  Rendered /home/andy/.rvm/gems/ruby-2.1.5/gems/web-console-2.1.2/lib/web_console/templates/_markup.html.erb (0.5ms)
  Rendered /home/andy/.rvm/gems/ruby-2.1.5/gems/web-console-2.1.2/lib/web_console/templates/style.css.erb within layouts/inlined_string (0.4ms)
  Rendered /home/andy/.rvm/gems/ruby-2.1.5/gems/web-console-2.1.2/lib/web_console/templates/_inner_console_markup.html.erb within layouts/inlined_string (0.4ms)
  Rendered /home/andy/.rvm/gems/ruby-2.1.5/gems/web-console-2.1.2/lib/web_console/templates/_prompt_box_markup.html.erb within layouts/inlined_string (0.4ms)
  Rendered /home/andy/.rvm/gems/ruby-2.1.5/gems/web-console-2.1.2/lib/web_console/templates/console.js.erb within layouts/javascript (33.0ms)
  Rendered /home/andy/.rvm/gems/ruby-2.1.5/gems/web-console-2.1.2/lib/web_console/templates/main.js.erb within layouts/javascript (0.4ms)
  Rendered /home/andy/.rvm/gems/ruby-2.1.5/gems/web-console-2.1.2/lib/web_console/templates/error_page.js.erb within layouts/javascript (0.5ms)
  Rendered /home/andy/.rvm/gems/ruby-2.1.5/gems/web-console-2.1.2/lib/web_console/templates/index.html.erb (57.6ms)


Started POST "/tasks" for 127.0.0.1 at 2015-04-13 22:37:12 +0800
Processing by TasksController#create as HTML
  Parameters: {"authenticity_token"=>"tDRDcL4kSYtoxFI2J9GMGrcy+0rfqKGKoewkHksZtPsfEhfTLTzzsB3mzX7pbYxCqsCwpBQ5nn2KOy1JCGM3VA=="}
Completed 400 Bad Request in 3ms

ActionController::ParameterMissing (param is missing or the value is empty: task):
  app/controllers/tasks_controller.rb:81:in `task_params'
  app/controllers/tasks_controller.rb:27:in `create'


  Rendered /home/andy/.rvm/gems/ruby-2.1.5/gems/actionpack-4.2.0/lib/action_dispatch/middleware/templates/rescues/_source.erb (8.2ms)
  Rendered /home/andy/.rvm/gems/ruby-2.1.5/gems/actionpack-4.2.0/lib/action_dispatch/middleware/templates/rescues/_trace.html.erb (4.0ms)
  Rendered /home/andy/.rvm/gems/ruby-2.1.5/gems/actionpack-4.2.0/lib/action_dispatch/middleware/templates/rescues/_request_and_response.html.erb (2.7ms)
  Rendered /home/andy/.rvm/gems/ruby-2.1.5/gems/actionpack-4.2.0/lib/action_dispatch/middleware/templates/rescues/diagnostics.html.erb within rescues/layout (32.6ms)
  Rendered /home/andy/.rvm/gems/ruby-2.1.5/gems/web-console-2.1.2/lib/web_console/templates/_markup.html.erb (0.6ms)
  Rendered /home/andy/.rvm/gems/ruby-2.1.5/gems/web-console-2.1.2/lib/web_console/templates/style.css.erb within layouts/inlined_string (0.5ms)
  Rendered /home/andy/.rvm/gems/ruby-2.1.5/gems/web-console-2.1.2/lib/web_console/templates/_inner_console_markup.html.erb within layouts/inlined_string (0.5ms)
  Rendered /home/andy/.rvm/gems/ruby-2.1.5/gems/web-console-2.1.2/lib/web_console/templates/_prompt_box_markup.html.erb within layouts/inlined_string (0.5ms)
  Rendered /home/andy/.rvm/gems/ruby-2.1.5/gems/web-console-2.1.2/lib/web_console/templates/console.js.erb within layouts/javascript (18.5ms)
  Rendered /home/andy/.rvm/gems/ruby-2.1.5/gems/web-console-2.1.2/lib/web_console/templates/main.js.erb within layouts/javascript (0.8ms)
  Rendered /home/andy/.rvm/gems/ruby-2.1.5/gems/web-console-2.1.2/lib/web_console/templates/error_page.js.erb within layouts/javascript (0.6ms)
  Rendered /home/andy/.rvm/gems/ruby-2.1.5/gems/web-console-2.1.2/lib/web_console/templates/index.html.erb (45.6ms)


Started POST "/tasks" for 127.0.0.1 at 2015-04-13 22:39:34 +0800
Processing by TasksController#create as HTML
  Parameters: {"authenticity_token"=>"tDRDcL4kSYtoxFI2J9GMGrcy+0rfqKGKoewkHksZtPsfEhfTLTzzsB3mzX7pbYxCqsCwpBQ5nn2KOy1JCGM3VA=="}
Completed 400 Bad Request in 8ms

ActionController::ParameterMissing (param is missing or the value is empty: task):
  app/controllers/tasks_controller.rb:81:in `task_params'
  app/controllers/tasks_controller.rb:27:in `create'


  Rendered /home/andy/.rvm/gems/ruby-2.1.5/gems/actionpack-4.2.0/lib/action_dispatch/middleware/templates/rescues/_source.erb (8.4ms)
  Rendered /home/andy/.rvm/gems/ruby-2.1.5/gems/actionpack-4.2.0/lib/action_dispatch/middleware/templates/rescues/_trace.html.erb (4.0ms)
  Rendered /home/andy/.rvm/gems/ruby-2.1.5/gems/actionpack-4.2.0/lib/action_dispatch/middleware/templates/rescues/_request_and_response.html.erb (1.3ms)
  Rendered /home/andy/.rvm/gems/ruby-2.1.5/gems/actionpack-4.2.0/lib/action_dispatch/middleware/templates/rescues/diagnostics.html.erb within rescues/layout (33.4ms)
  Rendered /home/andy/.rvm/gems/ruby-2.1.5/gems/web-console-2.1.2/lib/web_console/templates/_markup.html.erb (0.5ms)
  Rendered /home/andy/.rvm/gems/ruby-2.1.5/gems/web-console-2.1.2/lib/web_console/templates/style.css.erb within layouts/inlined_string (2.7ms)
  Rendered /home/andy/.rvm/gems/ruby-2.1.5/gems/web-console-2.1.2/lib/web_console/templates/_inner_console_markup.html.erb within layouts/inlined_string (4.2ms)
  Rendered /home/andy/.rvm/gems/ruby-2.1.5/gems/web-console-2.1.2/lib/web_console/templates/_prompt_box_markup.html.erb within layouts/inlined_string (0.4ms)
  Rendered /home/andy/.rvm/gems/ruby-2.1.5/gems/web-console-2.1.2/lib/web_console/templates/console.js.erb within layouts/javascript (34.7ms)
  Rendered /home/andy/.rvm/gems/ruby-2.1.5/gems/web-console-2.1.2/lib/web_console/templates/main.js.erb within layouts/javascript (0.6ms)
  Rendered /home/andy/.rvm/gems/ruby-2.1.5/gems/web-console-2.1.2/lib/web_console/templates/error_page.js.erb within layouts/javascript (0.5ms)
  Rendered /home/andy/.rvm/gems/ruby-2.1.5/gems/web-console-2.1.2/lib/web_console/templates/index.html.erb (61.1ms)


Started GET "/tasks" for 127.0.0.1 at 2015-04-14 13:40:20 +0800
  [1m[36mActiveRecord::SchemaMigration Load (0.2ms)[0m  [1mSELECT "schema_migrations".* FROM "schema_migrations"[0m
Processing by TasksController#index as HTML
  [1m[35mTask Load (0.2ms)[0m  SELECT "tasks".* FROM "tasks"
  Rendered tasks/index.html.erb within layouts/application (19.2ms)
Completed 200 OK in 199ms (Views: 175.7ms | ActiveRecord: 0.7ms)


Started GET "/assets/scaffolds-a3e1dca525f6d7438218c53d40da5848.css?body=1" for 127.0.0.1 at 2015-04-14 13:40:21 +0800


Started GET "/assets/jquery-87424c3c19e96d4fb033c10ebe21ec40.js?body=1" for 127.0.0.1 at 2015-04-14 13:40:21 +0800


Started GET "/assets/jquery_ujs-e27bd20a10d28155845a22d71ef94f2f.js?body=1" for 127.0.0.1 at 2015-04-14 13:40:21 +0800


Started GET "/assets/tasks-64e62ddc273c2f5847f30d698ca14b67.css?body=1" for 127.0.0.1 at 2015-04-14 13:40:21 +0800


Started GET "/assets/turbolinks-f87b3583ca50adb0488b031297f5580d.js?body=1" for 127.0.0.1 at 2015-04-14 13:40:21 +0800


Started GET "/assets/application-e4dd8c4d6b6943f2e04aa11095c001dc.css?body=1" for 127.0.0.1 at 2015-04-14 13:40:21 +0800


Started GET "/assets/application-001948a807d6467a657420955d9f0c1c.js?body=1" for 127.0.0.1 at 2015-04-14 13:40:21 +0800


Started GET "/assets/tasks-fcec5b5a277ac7c20cc9f45a209a3bcd.js?body=1" for 127.0.0.1 at 2015-04-14 13:40:21 +0800


Started GET "/tasks/1/edit" for 127.0.0.1 at 2015-04-14 13:40:41 +0800
Processing by TasksController#edit as HTML
  Parameters: {"id"=>"1"}
  [1m[36mTask Load (0.1ms)[0m  [1mSELECT  "tasks".* FROM "tasks" WHERE "tasks"."id" = ? LIMIT 1[0m  [["id", 1]]
  Rendered tasks/_form.html.erb (34.1ms)
  Rendered tasks/edit.html.erb within layouts/application (45.8ms)
Completed 200 OK in 144ms (Views: 131.9ms | ActiveRecord: 0.1ms)


Started PATCH "/tasks/1" for 127.0.0.1 at 2015-04-14 13:40:46 +0800
Processing by TasksController#update as HTML
  Parameters: {"utf8"=>"âœ“", "authenticity_token"=>"4Qhl/TN/YAK4BxUvmX5sUNzVDh3V73reQbNiFRYyQO7r7AM5BkuXKOxYDvhyfJni9B3HgtvNFmDSAlcMmk087Q==", "task"=>{"name"=>"åƒé£¯", "status"=>"0"}, "commit"=>"Update Task", "id"=>"1"}
  [1m[35mTask Load (0.1ms)[0m  SELECT  "tasks".* FROM "tasks" WHERE "tasks"."id" = ? LIMIT 1  [["id", 1]]
  [1m[36m (0.2ms)[0m  [1mbegin transaction[0m
  [1m[35mSQL (3.7ms)[0m  UPDATE "tasks" SET "status" = ?, "updated_at" = ? WHERE "tasks"."id" = ?  [["status", "f"], ["updated_at", "2015-04-14 05:40:46.895349"], ["id", 1]]
  [1m[36m (9.2ms)[0m  [1mcommit transaction[0m
Redirected to http://localhost:3000/tasks/1
Completed 302 Found in 49ms (ActiveRecord: 13.2ms)


Started GET "/tasks/1" for 127.0.0.1 at 2015-04-14 13:40:46 +0800
Processing by TasksController#show as HTML
  Parameters: {"id"=>"1"}
  [1m[35mTask Load (0.1ms)[0m  SELECT  "tasks".* FROM "tasks" WHERE "tasks"."id" = ? LIMIT 1  [["id", 1]]
  Rendered tasks/show.html.erb within layouts/application (0.9ms)
Completed 200 OK in 66ms (Views: 64.4ms | ActiveRecord: 0.1ms)


Started GET "/tasks" for 127.0.0.1 at 2015-04-14 13:40:49 +0800
Processing by TasksController#index as HTML
  [1m[36mTask Load (0.2ms)[0m  [1mSELECT "tasks".* FROM "tasks"[0m
  Rendered tasks/index.html.erb within layouts/application (2.1ms)
Completed 200 OK in 65ms (Views: 64.1ms | ActiveRecord: 0.2ms)
  [1m[36mActiveRecord::SchemaMigration Load (0.1ms)[0m  [1mSELECT "schema_migrations".* FROM "schema_migrations"[0m
  [1m[35mActiveRecord::SchemaMigration Load (0.1ms)[0m  SELECT "schema_migrations".* FROM "schema_migrations"
